Using pre-set license
Built from '6000.0/respin/6000.0.60f1-f02d6f9f9009' branch; Version is '6000.0.60f1 (61dfb374e36f) revision 6414259'; Using compiler version '193933523'; Build Type 'Release'
OS: 'Windows 11  (10.0.26200) 64bit Professional' Language: 'ja' Physical Memory: 16086 MB
BatchMode: 1, IsHumanControllingUs: 0, StartBugReporterOnCrash: 0, Is64bit: 1
Date: 2025-11-05T05:53:35Z

COMMAND LINE ARGUMENTS:
C:\Program Files\Unity\Hub\Editor\6000.0.60f1\Editor\Unity.exe
-adb2
-batchMode
-noUpm
-name
AssetImportWorker0
-projectPath
C:/Github/kadai/3年後期中山先生/GT3A_Horror
-logFile
Logs/AssetImportWorker0.log
-srvPort
50996
-job-worker-count
3
-background-job-worker-count
8
-gc-helper-count
1
-name
AssetImport
Successfully changed project path to: C:/Github/kadai/3年後期中山先生/GT3A_Horror
C:/Github/kadai/3年後期中山先生/GT3A_Horror
[UnityMemory] Configuration Parameters - Can be set up in boot.config
    "memorysetup-bucket-allocator-granularity=16"
    "memorysetup-bucket-allocator-bucket-count=8"
    "memorysetup-bucket-allocator-block-size=33554432"
    "memorysetup-bucket-allocator-block-count=8"
    "memorysetup-main-allocator-block-size=16777216"
    "memorysetup-thread-allocator-block-size=16777216"
    "memorysetup-gfx-main-allocator-block-size=16777216"
    "memorysetup-gfx-thread-allocator-block-size=16777216"
    "memorysetup-cache-allocator-block-size=4194304"
    "memorysetup-typetree-allocator-block-size=2097152"
    "memorysetup-profiler-bucket-allocator-granularity=16"
    "memorysetup-profiler-bucket-allocator-bucket-count=8"
    "memorysetup-profiler-bucket-allocator-block-size=33554432"
    "memorysetup-profiler-bucket-allocator-block-count=8"
    "memorysetup-profiler-allocator-block-size=16777216"
    "memorysetup-profiler-editor-allocator-block-size=1048576"
    "memorysetup-temp-allocator-size-main=16777216"
    "memorysetup-job-temp-allocator-block-size=2097152"
    "memorysetup-job-temp-allocator-block-size-background=1048576"
    "memorysetup-job-temp-allocator-reduction-small-platforms=262144"
    "memorysetup-allocator-temp-initial-block-size-main=262144"
    "memorysetup-allocator-temp-initial-block-size-worker=262144"
    "memorysetup-temp-allocator-size-background-worker=32768"
    "memorysetup-temp-allocator-size-job-worker=262144"
    "memorysetup-temp-allocator-size-preload-manager=33554432"
    "memorysetup-temp-allocator-size-nav-mesh-worker=65536"
    "memorysetup-temp-allocator-size-audio-worker=65536"
    "memorysetup-temp-allocator-size-cloud-worker=32768"
    "memorysetup-temp-allocator-size-gi-baking-worker=262144"
    "memorysetup-temp-allocator-size-gi-baking-worker=262144"
    "memorysetup-temp-allocator-size-gi-baking-worker=262144"
    "memorysetup-temp-allocator-size-gi-baking-worker=262144"
    "memorysetup-temp-allocator-size-gi-baking-worker=262144"
    "memorysetup-temp-allocator-size-gfx=262144"
Player connection [18860]  Target information:

Player connection [18860]  * "[IP] 10.18.13.198 [Port] 0 [Flags] 2 [Guid] 2892126092 [EditorId] 2892126092 [Version] 1048832 [Id] WindowsEditor(7,DESKTOP-MH3M7B4) [Debug] 1 [PackageName] WindowsEditor [ProjectName] Editor" 

Player connection [18860] Host joined multi-casting on [225.0.0.222:54997]...
Player connection [18860] Host joined alternative multi-casting on [225.0.0.222:34997]...
JobSystem: Creating JobQueue using job-worker-count value 3
Input System module state changed to: Initialized.
[Physics::Module] Initialized fallback backend.
[Physics::Module] Id: 0xdecafbad
Library Redirect Path: Library/
[Physics::Module] Selected backend.
[Physics::Module] Name: PhysX
[Physics::Module] Id: 0xf2b8ea05
[Physics::Module] SDK Version: 4.1.2
[Physics::Module] Integration Version: 1.0.0
[Physics::Module] Threading Mode: Multi-Threaded
Refreshing native plugins compatible for Editor in 12.16 ms, found 6 plugins.
Preloading 0 native plugins for Editor in 0.00 ms.
Initialize engine version: 6000.0.60f1 (61dfb374e36f)
[Subsystems] Discovering subsystems at path C:/Program Files/Unity/Hub/Editor/6000.0.60f1/Editor/Data/Resources/UnitySubsystems
[Subsystems] Discovering subsystems at path C:/Github/kadai/3年後期中山先生/GT3A_Horror/Assets
GfxDevice: creating device client; kGfxThreadingModeNonThreaded
Direct3D:
    Version:  Direct3D 11.0 [level 11.1]
    Renderer: Intel(R) Iris(R) Xe Graphics (ID=0x9a49)
    Vendor:   Intel
    VRAM:     8043 MB
    Driver:   32.0.101.7040
Initialize mono
Mono path[0] = 'C:/Program Files/Unity/Hub/Editor/6000.0.60f1/Editor/Data/Managed'
Mono path[1] = 'C:/Program Files/Unity/Hub/Editor/6000.0.60f1/Editor/Data/MonoBleedingEdge/lib/mono/unityjit-win32'
Mono config path = 'C:/Program Files/Unity/Hub/Editor/6000.0.60f1/Editor/Data/MonoBleedingEdge/etc'
Using monoOptions --debugger-agent=transport=dt_socket,embedding=1,server=y,suspend=n,address=127.0.0.1:56640
Begin MonoManager ReloadAssembly
Registering precompiled unity dll's ...
Register platform support module: C:/Program Files/Unity/Hub/Editor/6000.0.60f1/Editor/Data/PlaybackEngines/WindowsStandaloneSupport/UnityEditor.WindowsStandalone.Extensions.dll
Registered in 0.003684 seconds.
- Loaded All Assemblies, in  0.693 seconds
Native extension for WindowsStandalone target not found
Mono: successfully reloaded assembly
- Finished resetting the current domain, in  0.599 seconds
Domain Reload Profiling: 1288ms
	BeginReloadAssembly (233ms)
		ExecutionOrderSort (0ms)
		DisableScriptedObjects (0ms)
		BackupInstance (0ms)
		ReleaseScriptingObjects (0ms)
		CreateAndSetChildDomain (2ms)
	RebuildCommonClasses (68ms)
	RebuildNativeTypeToScriptingClass (22ms)
	initialDomainReloadingComplete (88ms)
	LoadAllAssembliesAndSetupDomain (279ms)
		LoadAssemblies (229ms)
		RebuildTransferFunctionScriptingTraits (0ms)
		AnalyzeDomain (272ms)
			TypeCache.Refresh (270ms)
				TypeCache.ScanAssembly (246ms)
			BuildScriptInfoCaches (0ms)
			ResolveRequiredComponents (1ms)
	FinalizeReload (599ms)
		ReleaseScriptCaches (0ms)
		RebuildScriptCaches (0ms)
		SetupLoadedEditorAssemblies (539ms)
			LogAssemblyErrors (0ms)
			InitializePlatformSupportModulesInManaged (86ms)
			SetLoadedEditorAssemblies (7ms)
			BeforeProcessingInitializeOnLoad (102ms)
			ProcessInitializeOnLoadAttributes (250ms)
			ProcessInitializeOnLoadMethodAttributes (93ms)
			AfterProcessingInitializeOnLoad (0ms)
			EditorAssembliesLoaded (0ms)
		ExecutionOrderSort2 (0ms)
		AwakeInstancesAfterBackupRestoration (0ms)
========================================================================
Worker process is ready to serve import requests
Import Worker Mode flag is 0x00
Begin MonoManager ReloadAssembly
- Loaded All Assemblies, in  1.240 seconds
Refreshing native plugins compatible for Editor in 9.36 ms, found 6 plugins.
Native extension for WindowsStandalone target not found
Refreshing native plugins compatible for Editor in 9.38 ms, found 6 plugins.
Package Manager log level set to [2]
[Package Manager] Failed to launch server process. Reason: Unity was launched with the -noUpm command-line argument
[Package Manager] Unable to send message (not connected to server process).
[Package Manager] Cannot connect to Unity Package Manager local server
Mono: successfully reloaded assembly
- Finished resetting the current domain, in  1.042 seconds
Domain Reload Profiling: 2277ms
	BeginReloadAssembly (313ms)
		ExecutionOrderSort (0ms)
		DisableScriptedObjects (9ms)
		BackupInstance (0ms)
		ReleaseScriptingObjects (0ms)
		CreateAndSetChildDomain (50ms)
	RebuildCommonClasses (65ms)
	RebuildNativeTypeToScriptingClass (24ms)
	initialDomainReloadingComplete (71ms)
	LoadAllAssembliesAndSetupDomain (762ms)
		LoadAssemblies (557ms)
		RebuildTransferFunctionScriptingTraits (0ms)
		AnalyzeDomain (385ms)
			TypeCache.Refresh (321ms)
				TypeCache.ScanAssembly (298ms)
			BuildScriptInfoCaches (50ms)
			ResolveRequiredComponents (8ms)
	FinalizeReload (1042ms)
		ReleaseScriptCaches (0ms)
		RebuildScriptCaches (0ms)
		SetupLoadedEditorAssemblies (846ms)
			LogAssemblyErrors (0ms)
			InitializePlatformSupportModulesInManaged (19ms)
			SetLoadedEditorAssemblies (8ms)
			BeforeProcessingInitializeOnLoad (152ms)
			ProcessInitializeOnLoadAttributes (607ms)
			ProcessInitializeOnLoadMethodAttributes (54ms)
			AfterProcessingInitializeOnLoad (6ms)
			EditorAssembliesLoaded (0ms)
		ExecutionOrderSort2 (0ms)
		AwakeInstancesAfterBackupRestoration (11ms)
WARNING: Shader Unsupported: 'MMD4Mecanim/MMDLit-Tess-NoShadowCasting-BothFaces' - All subshaders removed
WARNING: Shader Did you use #pragma only_renderers and omit this platform?
WARNING: Shader If subshaders removal was intentional, you may have forgotten turning Fallback off?
WARNING: Shader Unsupported: 'MMD4Mecanim/MMDLit-Tess-NoShadowCasting-BothFaces' - All subshaders removed
WARNING: Shader Did you use #pragma only_renderers and omit this platform?
WARNING: Shader If subshaders removal was intentional, you may have forgotten turning Fallback off?
WARNING: Shader Unsupported: 'MMD4Mecanim/MMDLit-Tess-Transparent-Edge' - All subshaders removed
WARNING: Shader Did you use #pragma only_renderers and omit this platform?
WARNING: Shader If subshaders removal was intentional, you may have forgotten turning Fallback off?
WARNING: Shader Unsupported: 'MMD4Mecanim/MMDLit-Tess-Transparent-Edge' - All subshaders removed
WARNING: Shader Did you use #pragma only_renderers and omit this platform?
WARNING: Shader If subshaders removal was intentional, you may have forgotten turning Fallback off?
WARNING: Shader Unsupported: 'MMD4Mecanim/MMDLit-Tess-Edge' - All subshaders removed
WARNING: Shader Did you use #pragma only_renderers and omit this platform?
WARNING: Shader If subshaders removal was intentional, you may have forgotten turning Fallback off?
WARNING: Shader Unsupported: 'MMD4Mecanim/MMDLit-Tess-Edge' - All subshaders removed
WARNING: Shader Did you use #pragma only_renderers and omit this platform?
WARNING: Shader If subshaders removal was intentional, you may have forgotten turning Fallback off?
WARNING: Shader Unsupported: 'MMD4Mecanim/MMDLit-Tess-BothFaces-Edge' - All subshaders removed
WARNING: Shader Did you use #pragma only_renderers and omit this platform?
WARNING: Shader If subshaders removal was intentional, you may have forgotten turning Fallback off?
WARNING: Shader Unsupported: 'MMD4Mecanim/MMDLit-Tess-BothFaces-Edge' - All subshaders removed
WARNING: Shader Did you use #pragma only_renderers and omit this platform?
WARNING: Shader If subshaders removal was intentional, you may have forgotten turning Fallback off?
WARNING: Shader Unsupported: 'MMD4Mecanim/MMDLit-Tess-NoShadowCasting-Edge' - All subshaders removed
WARNING: Shader Did you use #pragma only_renderers and omit this platform?
WARNING: Shader If subshaders removal was intentional, you may have forgotten turning Fallback off?
WARNING: Shader Unsupported: 'MMD4Mecanim/MMDLit-Tess-NoShadowCasting-Edge' - All subshaders removed
WARNING: Shader Did you use #pragma only_renderers and omit this platform?
WARNING: Shader If subshaders removal was intentional, you may have forgotten turning Fallback off?
WARNING: Shader Unsupported: 'MMD4Mecanim/MMDLit-Tess-NoShadowCasting-Transparent' - All subshaders removed
WARNING: Shader Did you use #pragma only_renderers and omit this platform?
WARNING: Shader If subshaders removal was intentional, you may have forgotten turning Fallback off?
WARNING: Shader Unsupported: 'MMD4Mecanim/MMDLit-Tess-NoShadowCasting-Transparent' - All subshaders removed
WARNING: Shader Did you use #pragma only_renderers and omit this platform?
WARNING: Shader If subshaders removal was intentional, you may have forgotten turning Fallback off?
WARNING: Shader Unsupported: 'MMD4Mecanim/MMDLit-Tess-NoShadowCasting-BothFaces-Edge' - All subshaders removed
WARNING: Shader Did you use #pragma only_renderers and omit this platform?
WARNING: Shader If subshaders removal was intentional, you may have forgotten turning Fallback off?
WARNING: Shader Unsupported: 'MMD4Mecanim/MMDLit-Tess-NoShadowCasting-BothFaces-Edge' - All subshaders removed
WARNING: Shader Did you use #pragma only_renderers and omit this platform?
WARNING: Shader If subshaders removal was intentional, you may have forgotten turning Fallback off?
WARNING: Shader Unsupported: 'MMD4Mecanim/MMDLit-Tess-NoShadowCasting-BothFaces-Transparent-Edge' - All subshaders removed
WARNING: Shader Did you use #pragma only_renderers and omit this platform?
WARNING: Shader If subshaders removal was intentional, you may have forgotten turning Fallback off?
WARNING: Shader Unsupported: 'MMD4Mecanim/MMDLit-Tess-NoShadowCasting-BothFaces-Transparent-Edge' - All subshaders removed
WARNING: Shader Did you use #pragma only_renderers and omit this platform?
WARNING: Shader If subshaders removal was intentional, you may have forgotten turning Fallback off?
WARNING: Shader Unsupported: 'MMD4Mecanim/MMDLit-Tess-NoShadowCasting-Transparent-Edge' - All subshaders removed
WARNING: Shader Did you use #pragma only_renderers and omit this platform?
WARNING: Shader If subshaders removal was intentional, you may have forgotten turning Fallback off?
WARNING: Shader Unsupported: 'MMD4Mecanim/MMDLit-Tess-NoShadowCasting-Transparent-Edge' - All subshaders removed
WARNING: Shader Did you use #pragma only_renderers and omit this platform?
WARNING: Shader If subshaders removal was intentional, you may have forgotten turning Fallback off?
WARNING: Shader Unsupported: 'MMD4Mecanim/MMDLit-Tess-BothFaces-Transparent-Edge' - All subshaders removed
WARNING: Shader Did you use #pragma only_renderers and omit this platform?
WARNING: Shader If subshaders removal was intentional, you may have forgotten turning Fallback off?
WARNING: Shader Unsupported: 'MMD4Mecanim/MMDLit-Tess-BothFaces-Transparent-Edge' - All subshaders removed
WARNING: Shader Did you use #pragma only_renderers and omit this platform?
WARNING: Shader If subshaders removal was intentional, you may have forgotten turning Fallback off?
WARNING: Shader Unsupported: 'MMD4Mecanim/MMDLit-Tess-NoShadowCasting' - All subshaders removed
WARNING: Shader Did you use #pragma only_renderers and omit this platform?
WARNING: Shader If subshaders removal was intentional, you may have forgotten turning Fallback off?
WARNING: Shader Unsupported: 'MMD4Mecanim/MMDLit-Tess-NoShadowCasting' - All subshaders removed
WARNING: Shader Did you use #pragma only_renderers and omit this platform?
WARNING: Shader If subshaders removal was intentional, you may have forgotten turning Fallback off?
WARNING: Shader Unsupported: 'MMD4Mecanim/MMDLit-Tess-NoShadowCasting-BothFaces-Transparent' - All subshaders removed
WARNING: Shader Did you use #pragma only_renderers and omit this platform?
WARNING: Shader If subshaders removal was intentional, you may have forgotten turning Fallback off?
WARNING: Shader Unsupported: 'MMD4Mecanim/MMDLit-Tess-NoShadowCasting-BothFaces-Transparent' - All subshaders removed
WARNING: Shader Did you use #pragma only_renderers and omit this platform?
WARNING: Shader If subshaders removal was intentional, you may have forgotten turning Fallback off?
Launched and connected shader compiler UnityShaderCompiler.exe after 0.02 seconds
Refreshing native plugins compatible for Editor in 6.08 ms, found 6 plugins.
Preloading 0 native plugins for Editor in 0.00 ms.
Unloading 22 Unused Serialized files (Serialized files now loaded: 0)
Unloading 3905 unused Assets / (6.0 MB). Loaded Objects now: 4385.
Memory consumption went from 101.7 MB to 95.6 MB.
Total: 10.345800 ms (FindLiveObjects: 0.722000 ms CreateObjectMapping: 0.656500 ms MarkObjects: 4.797800 ms  DeleteObjects: 4.167900 ms)

========================================================================
Received Import Request.
  Time since last request: 20663.447262 seconds.
  path: Assets/MMD/MMD4Mecanim/Scripts/Internal
  artifactKey: Guid(b693beb2482a66e4084a17b1c21b555c) Importer(815301076,1909f56bfc062723c751e8b465ee728b)
Start importing Assets/MMD/MMD4Mecanim/Scripts/Internal using Guid(b693beb2482a66e4084a17b1c21b555c) Importer(815301076,1909f56bfc062723c751e8b465ee728b) (PreviewImporter) -> (artifact id: 'bbe241b68f7e1ec6240056664294778b') in 0.0055951 seconds
Number of updated asset objects reloaded before import = 0Number of asset objects unloaded after import = 0

========================================================================
Received Import Request.
  Time since last request: 0.000031 seconds.
  path: Assets/MMD/MMD4Mecanim/Scripts/MMD4MecanimAnimMorphHelper.cs
  artifactKey: Guid(f69667fdb18cfe34bac2f8372bd8efa3) Importer(815301076,1909f56bfc062723c751e8b465ee728b)
Start importing Assets/MMD/MMD4Mecanim/Scripts/MMD4MecanimAnimMorphHelper.cs using Guid(f69667fdb18cfe34bac2f8372bd8efa3) Importer(815301076,1909f56bfc062723c751e8b465ee728b) (PreviewImporter) -> (artifact id: '83f37ae0bf482f95cc18ad4d80cc8e15') in 0.0014075 seconds
Number of updated asset objects reloaded before import = 0Number of asset objects unloaded after import = 0

========================================================================
Received Import Request.
  Time since last request: 0.000122 seconds.
  path: Assets/MMD/MMD4Mecanim/Scripts/MMD4MecanimMorphHelper.cs
  artifactKey: Guid(0a920fb0609c82a4eb7d8008b32b872a) Importer(815301076,1909f56bfc062723c751e8b465ee728b)
Start importing Assets/MMD/MMD4Mecanim/Scripts/MMD4MecanimMorphHelper.cs using Guid(0a920fb0609c82a4eb7d8008b32b872a) Importer(815301076,1909f56bfc062723c751e8b465ee728b) (PreviewImporter) -> (artifact id: '00578cb17db9b14dbcc66965c8a320b5') in 0.0011268 seconds
Number of updated asset objects reloaded before import = 0Number of asset objects unloaded after import = 0

========================================================================
Received Import Request.
  Time since last request: 0.000136 seconds.
  path: Assets/MMD/MMD4Mecanim/Textures
  artifactKey: Guid(57fcf2af352aceb4f80eed934382e293) Importer(815301076,1909f56bfc062723c751e8b465ee728b)
Start importing Assets/MMD/MMD4Mecanim/Textures using Guid(57fcf2af352aceb4f80eed934382e293) Importer(815301076,1909f56bfc062723c751e8b465ee728b) (PreviewImporter) -> (artifact id: '5ac0a8141254aa021b609c23e338b1d8') in 0.0010411 seconds
Number of updated asset objects reloaded before import = 0Number of asset objects unloaded after import = 0

========================================================================
Received Import Request.
  Time since last request: 0.000127 seconds.
  path: Assets/MMD/MMD4Mecanim/Scripts/MMD4MecanimRigidBody.cs
  artifactKey: Guid(f6e01d66644a7034c9705894814b41f1) Importer(815301076,1909f56bfc062723c751e8b465ee728b)
Start importing Assets/MMD/MMD4Mecanim/Scripts/MMD4MecanimRigidBody.cs using Guid(f6e01d66644a7034c9705894814b41f1) Importer(815301076,1909f56bfc062723c751e8b465ee728b) (PreviewImporter) -> (artifact id: '68d62a6ecaf668f7096f5ee0e1908c89') in 0.0011027 seconds
Number of updated asset objects reloaded before import = 0Number of asset objects unloaded after import = 0

========================================================================
Received Import Request.
  Time since last request: 0.000117 seconds.
  path: Assets/MMD/MMD4Mecanim/Scripts/MMD4MecanimBone.cs
  artifactKey: Guid(482af93b30da7a048816a8ecabda762d) Importer(815301076,1909f56bfc062723c751e8b465ee728b)
Start importing Assets/MMD/MMD4Mecanim/Scripts/MMD4MecanimBone.cs using Guid(482af93b30da7a048816a8ecabda762d) Importer(815301076,1909f56bfc062723c751e8b465ee728b) (PreviewImporter) -> (artifact id: '1caa83e0bd8223c49c887bfca5939bec') in 0.000793 seconds
Number of updated asset objects reloaded before import = 0Number of asset objects unloaded after import = 0

========================================================================
Received Import Request.
  Time since last request: 0.000097 seconds.
  path: Assets/MMD/tex
  artifactKey: Guid(39c8d4ff0b6b0be4ebd711b48bd2b0dd) Importer(815301076,1909f56bfc062723c751e8b465ee728b)
Start importing Assets/MMD/tex using Guid(39c8d4ff0b6b0be4ebd711b48bd2b0dd) Importer(815301076,1909f56bfc062723c751e8b465ee728b) (PreviewImporter) -> (artifact id: 'a5ec8b7d2607fbaa87fd8be98e9ef9e5') in 0.0013793 seconds
Number of updated asset objects reloaded before import = 0Number of asset objects unloaded after import = 0

========================================================================
Received Import Request.
  Time since last request: 0.000206 seconds.
  path: Assets/MMD/Zundamon_2025_MMD_A.extra.bytes
  artifactKey: Guid(0074e36b52a3d1347810ca36575cad65) Importer(815301076,1909f56bfc062723c751e8b465ee728b)
Start importing Assets/MMD/Zundamon_2025_MMD_A.extra.bytes using Guid(0074e36b52a3d1347810ca36575cad65) Importer(815301076,1909f56bfc062723c751e8b465ee728b) (PreviewImporter) -> (artifact id: 'e68724af5ee9d213f532bfc2642396dd') in 0.0237309 seconds
Number of updated asset objects reloaded before import = 0Number of asset objects unloaded after import = 1

========================================================================
Received Import Request.
  Time since last request: 0.000046 seconds.
  path: Assets/MMD/Zundamon_2025_MMD_A.fbx
  artifactKey: Guid(03cb5f0762983464bb53b94c5c537f1c) Importer(815301076,1909f56bfc062723c751e8b465ee728b)
Start importing Assets/MMD/Zundamon_2025_MMD_A.fbx using Guid(03cb5f0762983464bb53b94c5c537f1c) Importer(815301076,1909f56bfc062723c751e8b465ee728b) (PreviewImporter) -> (artifact id: '6db532b0622bf7605d0520409ee77e12') in 0.2251467 seconds
Number of updated asset objects reloaded before import = 0Number of asset objects unloaded after import = 377

========================================================================
Received Import Request.
  Time since last request: 3.674903 seconds.
  path: Assets/MMD/MMD4Mecanim/Scripts
  artifactKey: Guid(e060c8053312e3644b2b40c5e5d046a6) Importer(815301076,1909f56bfc062723c751e8b465ee728b)
Start importing Assets/MMD/MMD4Mecanim/Scripts using Guid(e060c8053312e3644b2b40c5e5d046a6) Importer(815301076,1909f56bfc062723c751e8b465ee728b) (PreviewImporter) -> (artifact id: '81c819edb8bc01d21d9fdd8c4d6195d5') in 0.0020679 seconds
Number of updated asset objects reloaded before import = 0Number of asset objects unloaded after import = 0

========================================================================
Received Import Request.
  Time since last request: 0.241486 seconds.
  path: Assets/MMD/MMD4Mecanim/Plugins
  artifactKey: Guid(fd5148dc9452b0c448e5323ff7c908ce) Importer(815301076,1909f56bfc062723c751e8b465ee728b)
Start importing Assets/MMD/MMD4Mecanim/Plugins using Guid(fd5148dc9452b0c448e5323ff7c908ce) Importer(815301076,1909f56bfc062723c751e8b465ee728b) (PreviewImporter) -> (artifact id: '680b4bf4bc33d2f5544d6a51270e4d63') in 0.0008359 seconds
Number of updated asset objects reloaded before import = 0Number of asset objects unloaded after import = 0

========================================================================
Received Import Request.
  Time since last request: 2.038497 seconds.
  path: Assets/MMD/MMD4Mecanim
  artifactKey: Guid(63511abdd10d1b4428b6d06db17465bf) Importer(815301076,1909f56bfc062723c751e8b465ee728b)
Start importing Assets/MMD/MMD4Mecanim using Guid(63511abdd10d1b4428b6d06db17465bf) Importer(815301076,1909f56bfc062723c751e8b465ee728b) (PreviewImporter) -> (artifact id: '336b057176db4612f8ab81cdd1ba3aaa') in 0.0008728 seconds
Number of updated asset objects reloaded before import = 0Number of asset objects unloaded after import = 0

========================================================================
Received Import Request.
  Time since last request: 0.239605 seconds.
  path: Assets/MMD/Materials
  artifactKey: Guid(3719bdacab2509f46bbf0f29bec55fe1) Importer(815301076,1909f56bfc062723c751e8b465ee728b)
Start importing Assets/MMD/Materials using Guid(3719bdacab2509f46bbf0f29bec55fe1) Importer(815301076,1909f56bfc062723c751e8b465ee728b) (PreviewImporter) -> (artifact id: 'dc771b190eea862af9fc814419d3b88f') in 0.0015127 seconds
Number of updated asset objects reloaded before import = 0Number of asset objects unloaded after import = 0

